<?xml version="1.0" encoding="UTF-8"?>
<testng-results ignored="1" total="2" passed="1" failed="0" skipped="0">
  <reporter-output>
  </reporter-output>
  <suite started-at="2023-04-20T11:44:12 IST" name="Default suite" finished-at="2023-04-20T11:44:13 IST" duration-ms="84">
    <groups>
    </groups>
    <test started-at="2023-04-20T11:44:12 IST" name="Default test" finished-at="2023-04-20T11:44:13 IST" duration-ms="84">
      <class name="testng_package.Withoutinvocation">
        <test-method signature="test3()[pri:0, instance:testng_package.Withoutinvocation@7e9131d5]" started-at="2023-04-20T11:44:13 IST" name="test3" finished-at="2023-04-20T11:44:13 IST" duration-ms="12" status="PASS">
          <reporter-output>
          </reporter-output>
        </test-method> <!-- test3 -->
      </class> <!-- testng_package.Withoutinvocation -->
    </test> <!-- Default test -->
  </suite> <!-- Default suite -->
</testng-results>
