<?xml version="1.0" encoding="UTF-8"?>
<!-- Generated by org.testng.reporters.JUnitXMLReporter -->
<testsuite ignored="1" hostname="DESKTOP-MVI4SHR" failures="0" tests="1" name="Default test" time="0.084" errors="0" timestamp="2023-04-20T11:44:13 IST">
  <testcase classname="testng_package.Withoutinvocation" name="test3" time="0.012"/>
  <testcase classname="testng_package.Withoutinvocation" name="test2" time="0.0">
    <ignored/>
  </testcase> <!-- test2 -->
</testsuite> <!-- Default test -->
